2014-12-01 14:02:55,485 - Loaded System Directive: org.apache.velocity.runtime.directive.Foreach
2014-12-01 14:02:55,564 - Created '20' parsers.
2014-12-01 14:02:55,583 - Velocimacro : "velocimacro.library" is not set.  Trying default library: VM_global_library.vm
2014-12-01 14:02:55,584 - Velocimacro : Default library not found.
2014-12-01 14:02:55,584 - Velocimacro : allowInline = true : VMs can be defined inline in templates
2014-12-01 14:02:55,584 - Velocimacro : allowInlineToOverride = false : VMs defined inline may NOT replace previous VM definitions
2014-12-01 14:02:55,584 - Velocimacro : allowInlineLocal = false : VMs defined inline will be global in scope if allowed.
2014-12-01 14:02:55,584 - Velocimacro : autoload off : VM system will not automatically reload global library macros
2014-12-01 14:02:55,624 - Null reference [template 'substitution', line 28, column 49] : ${jdk.version} cannot be resolved.
2014-12-01 14:02:55,624 - Null reference [template 'substitution', line 29, column 49] : ${jdk.version} cannot be resolved.
2014-12-01 14:02:55,624 - Null reference [template 'substitution', line 36, column 42] : ${org.apache.axis2.version} cannot be resolved.
2014-12-01 14:02:55,624 - Null reference [template 'substitution', line 46, column 60] : ${project.build.outputDirectory} cannot be resolved.
2014-12-01 14:02:55,624 - Null reference [template 'substitution', line 80, column 73] : ${project.build.directory} cannot be resolved.
2014-12-01 14:02:55,624 - Null reference [template 'substitution', line 92, column 46] : ${tomcat.manager.url} cannot be resolved.
2014-12-01 14:02:55,624 - Null reference [template 'substitution', line 93, column 51] : ${tomcat.user} cannot be resolved.
2014-12-01 14:02:55,624 - Null reference [template 'substitution', line 94, column 51] : ${tomcat.password} cannot be resolved.
2014-12-01 14:02:55,624 - Null reference [template 'substitution', line 95, column 50] : ${project.build.directory} cannot be resolved.
2014-12-01 14:02:55,625 - Null reference [template 'substitution', line 95, column 77] : ${project.build.finalName} cannot be resolved.
2014-12-01 14:02:55,625 - Null reference [template 'substitution', line 95, column 104] : ${war.suffix} cannot be resolved.
2014-12-01 14:02:55,625 - Null reference [template 'substitution', line 106, column 58] : ${project.build.directory} cannot be resolved.
2014-12-01 14:02:55,625 - Null reference [template 'substitution', line 106, column 85] : ${project.build.finalName} cannot be resolved.
2014-12-01 14:02:55,625 - Null reference [template 'substitution', line 135, column 34] : ${org.apache.axis2.version} cannot be resolved.
2014-12-01 14:02:55,625 - Null reference [template 'substitution', line 141, column 34] : ${org.apache.axis2.version} cannot be resolved.
2014-12-01 14:02:55,625 - Null reference [template 'substitution', line 147, column 34] : ${org.apache.axis2.version} cannot be resolved.
2014-12-01 14:02:55,659 - Null reference [template 'substitution', line 50, column 31] : $INFILE cannot be resolved.
2014-12-01 14:02:55,659 - Null reference [template 'substitution', line 50, column 39] : $OUTFILE cannot be resolved.
2014-12-01 14:02:55,744 - Null reference [template 'substitution', line 139, column 13] : $FLIM cannot be resolved.
2014-12-01 14:02:55,796 - Null reference [template 'substitution', line 12, column 15] : ${catalina.base} cannot be resolved.
2014-12-01 14:02:55,796 - Null reference [template 'substitution', line 15, column 30] : ${catalina.base} cannot be resolved.
2014-12-01 14:02:55,805 - Null reference [template 'substitution', line 5, column 12] : ${service_description} cannot be resolved.
2014-12-01 14:02:55,805 - Null reference [template 'substitution', line 7, column 39] : ${tomcat_public_host} cannot be resolved.
2014-12-01 14:02:55,805 - Null reference [template 'substitution', line 7, column 61] : ${tomcat_public_http_port} cannot be resolved.
2014-12-01 14:02:55,805 - Null reference [template 'substitution', line 7, column 201] : ${tomcat_public_host} cannot be resolved.
2014-12-01 14:02:55,805 - Null reference [template 'substitution', line 7, column 223] : ${tomcat_public_http_port} cannot be resolved.
2014-12-01 14:02:55,806 - Null reference [template 'substitution', line 8, column 39] : ${tomcat_public_host} cannot be resolved.
2014-12-01 14:02:55,806 - Null reference [template 'substitution', line 8, column 61] : ${tomcat_public_http_port} cannot be resolved.
2014-12-01 14:02:55,806 - Null reference [template 'substitution', line 8, column 197] : ${tomcat_public_host} cannot be resolved.
2014-12-01 14:02:55,806 - Null reference [template 'substitution', line 8, column 219] : ${tomcat_public_http_port} cannot be resolved.
2014-12-01 14:02:56,158 - Null reference [template 'substitution', line 122, column 44] : ${tomcat_public_host} cannot be resolved.
2014-12-01 14:02:56,158 - Null reference [template 'substitution', line 122, column 66] : ${tomcat_public_http_port} cannot be resolved.
2014-12-01 14:02:56,158 - Null reference [template 'substitution', line 125, column 46] : ${tomcat_public_host} cannot be resolved.
2014-12-01 14:02:56,158 - Null reference [template 'substitution', line 125, column 68] : ${tomcat_public_http_port} cannot be resolved.
2014-12-01 14:02:56,158 - Null reference [template 'substitution', line 128, column 44] : ${tomcat_public_host} cannot be resolved.
2014-12-01 14:02:56,158 - Null reference [template 'substitution', line 128, column 66] : ${tomcat_public_http_port} cannot be resolved.
2014-12-01 14:02:56,233 - Null reference [template 'eu.impact_project.iif.tw.tmpl.Code', line 4, column 50] : $cli_cmd_ cannot be resolved.
2014-12-01 14:02:56,269 - Null reference [template 'eu.impact_project.iif.tw.tmpl.Code', line 11, column 38] : ${tomcat_public_procunitid} cannot be resolved.
2014-12-01 14:02:56,269 - Null reference [template 'eu.impact_project.iif.tw.tmpl.Code', line 12, column 43] : ${tomcat_public_http_access_dir} cannot be resolved.
2014-12-01 14:02:56,269 - Null reference [template 'eu.impact_project.iif.tw.tmpl.Code', line 13, column 43] : ${tomcat_public_http_access_url} cannot be resolved.
2014-12-01 14:02:56,292 - Null reference [template 'eu.impact_project.iif.tw.tmpl.Code', line 10, column 62] : ${input} cannot be resolved.
2014-12-01 14:02:56,292 - Null reference [template 'eu.impact_project.iif.tw.tmpl.Code', line 10, column 71] : ${output} cannot be resolved.
2014-12-02 11:01:50,064 - Log4JLogChute initialized using file 'velocity.log'
2014-12-02 11:01:50,064 - Initializing Velocity, Calling init()...
2014-12-02 11:01:50,064 - Starting Apache Velocity v1.7 (compiled: 2010-11-19 12:14:37)
2014-12-02 11:01:50,064 - Default Properties File: org\apache\velocity\runtime\defaults\velocity.properties
2014-12-02 11:01:50,064 - Trying to use logger class org.apache.velocity.runtime.log.AvalonLogChute
2014-12-02 11:01:50,064 - Target log system for org.apache.velocity.runtime.log.AvalonLogChute is not available (java.lang.NoClassDefFoundError: org/apache/log/format/Formatter).  Falling back to next log system...
2014-12-02 11:01:50,064 - Trying to use logger class org.apache.velocity.runtime.log.Log4JLogChute
2014-12-02 11:01:50,064 - Using logger class org.apache.velocity.runtime.log.Log4JLogChute
2014-12-02 11:01:50,080 - ResourceLoader instantiated: org.apache.velocity.runtime.resource.loader.FileResourceLoader
2014-12-02 11:01:50,095 - Do unicode file recognition:  false
2014-12-02 11:01:50,095 - FileResourceLoader : adding path '.'
2014-12-02 11:01:50,142 - ResourceCache: initialized (class org.apache.velocity.runtime.resource.ResourceCacheImpl) with class java.util.Collections$SynchronizedMap cache map.
2014-12-02 11:01:50,142 - Loaded System Directive: org.apache.velocity.runtime.directive.Stop
2014-12-02 11:01:50,142 - Loaded System Directive: org.apache.velocity.runtime.directive.Define
2014-12-02 11:01:50,142 - Loaded System Directive: org.apache.velocity.runtime.directive.Break
2014-12-02 11:01:50,142 - Loaded System Directive: org.apache.velocity.runtime.directive.Evaluate
2014-12-02 11:01:50,142 - Loaded System Directive: org.apache.velocity.runtime.directive.Literal
2014-12-02 11:01:50,158 - Loaded System Directive: org.apache.velocity.runtime.directive.Macro
2014-12-02 11:01:50,158 - Loaded System Directive: org.apache.velocity.runtime.directive.Parse
2014-12-02 11:01:50,158 - Loaded System Directive: org.apache.velocity.runtime.directive.Include
2014-12-02 11:01:50,158 - Loaded System Directive: org.apache.velocity.runtime.directive.Foreach
2014-12-02 11:01:50,236 - Created '20' parsers.
2014-12-02 11:01:50,251 - Velocimacro : "velocimacro.library" is not set.  Trying default library: VM_global_library.vm
2014-12-02 11:01:50,251 - Velocimacro : Default library not found.
2014-12-02 11:01:50,251 - Velocimacro : allowInline = true : VMs can be defined inline in templates
2014-12-02 11:01:50,251 - Velocimacro : allowInlineToOverride = false : VMs defined inline may NOT replace previous VM definitions
2014-12-02 11:01:50,251 - Velocimacro : allowInlineLocal = false : VMs defined inline will be global in scope if allowed.
2014-12-02 11:01:50,251 - Velocimacro : autoload off : VM system will not automatically reload global library macros
2014-12-02 11:01:50,282 - Null reference [template 'substitution', line 28, column 49] : ${jdk.version} cannot be resolved.
2014-12-02 11:01:50,282 - Null reference [template 'substitution', line 29, column 49] : ${jdk.version} cannot be resolved.
2014-12-02 11:01:50,282 - Null reference [template 'substitution', line 36, column 42] : ${org.apache.axis2.version} cannot be resolved.
2014-12-02 11:01:50,282 - Null reference [template 'substitution', line 46, column 60] : ${project.build.outputDirectory} cannot be resolved.
2014-12-02 11:01:50,282 - Null reference [template 'substitution', line 80, column 73] : ${project.build.directory} cannot be resolved.
2014-12-02 11:01:50,282 - Null reference [template 'substitution', line 92, column 46] : ${tomcat.manager.url} cannot be resolved.
2014-12-02 11:01:50,282 - Null reference [template 'substitution', line 93, column 51] : ${tomcat.user} cannot be resolved.
2014-12-02 11:01:50,282 - Null reference [template 'substitution', line 94, column 51] : ${tomcat.password} cannot be resolved.
2014-12-02 11:01:50,282 - Null reference [template 'substitution', line 95, column 50] : ${project.build.directory} cannot be resolved.
2014-12-02 11:01:50,282 - Null reference [template 'substitution', line 95, column 77] : ${project.build.finalName} cannot be resolved.
2014-12-02 11:01:50,282 - Null reference [template 'substitution', line 95, column 104] : ${war.suffix} cannot be resolved.
2014-12-02 11:01:50,282 - Null reference [template 'substitution', line 106, column 58] : ${project.build.directory} cannot be resolved.
2014-12-02 11:01:50,282 - Null reference [template 'substitution', line 106, column 85] : ${project.build.finalName} cannot be resolved.
2014-12-02 11:01:50,282 - Null reference [template 'substitution', line 135, column 34] : ${org.apache.axis2.version} cannot be resolved.
2014-12-02 11:01:50,282 - Null reference [template 'substitution', line 141, column 34] : ${org.apache.axis2.version} cannot be resolved.
2014-12-02 11:01:50,282 - Null reference [template 'substitution', line 147, column 34] : ${org.apache.axis2.version} cannot be resolved.
2014-12-02 11:01:50,329 - Null reference [template 'substitution', line 50, column 31] : $INFILE cannot be resolved.
2014-12-02 11:01:50,329 - Null reference [template 'substitution', line 50, column 39] : $OUTFILE cannot be resolved.
2014-12-02 11:01:50,376 - Null reference [template 'substitution', line 139, column 13] : $FLIM cannot be resolved.
2014-12-02 11:01:50,470 - Null reference [template 'substitution', line 12, column 15] : ${catalina.base} cannot be resolved.
2014-12-02 11:01:50,470 - Null reference [template 'substitution', line 15, column 30] : ${catalina.base} cannot be resolved.
2014-12-02 11:01:50,485 - Null reference [template 'substitution', line 5, column 12] : ${service_description} cannot be resolved.
2014-12-02 11:01:50,485 - Null reference [template 'substitution', line 7, column 39] : ${tomcat_public_host} cannot be resolved.
2014-12-02 11:01:50,485 - Null reference [template 'substitution', line 7, column 61] : ${tomcat_public_http_port} cannot be resolved.
2014-12-02 11:01:50,485 - Null reference [template 'substitution', line 7, column 201] : ${tomcat_public_host} cannot be resolved.
2014-12-02 11:01:50,485 - Null reference [template 'substitution', line 7, column 223] : ${tomcat_public_http_port} cannot be resolved.
2014-12-02 11:01:50,485 - Null reference [template 'substitution', line 8, column 39] : ${tomcat_public_host} cannot be resolved.
2014-12-02 11:01:50,485 - Null reference [template 'substitution', line 8, column 61] : ${tomcat_public_http_port} cannot be resolved.
2014-12-02 11:01:50,485 - Null reference [template 'substitution', line 8, column 197] : ${tomcat_public_host} cannot be resolved.
2014-12-02 11:01:50,485 - Null reference [template 'substitution', line 8, column 219] : ${tomcat_public_http_port} cannot be resolved.
2014-12-02 11:01:50,828 - Null reference [template 'substitution', line 137, column 44] : ${tomcat_public_host} cannot be resolved.
2014-12-02 11:01:50,828 - Null reference [template 'substitution', line 137, column 66] : ${tomcat_public_http_port} cannot be resolved.
2014-12-02 11:01:50,828 - Null reference [template 'substitution', line 140, column 46] : ${tomcat_public_host} cannot be resolved.
2014-12-02 11:01:50,828 - Null reference [template 'substitution', line 140, column 68] : ${tomcat_public_http_port} cannot be resolved.
2014-12-02 11:01:50,828 - Null reference [template 'substitution', line 143, column 44] : ${tomcat_public_host} cannot be resolved.
2014-12-02 11:01:50,828 - Null reference [template 'substitution', line 143, column 66] : ${tomcat_public_http_port} cannot be resolved.
2014-12-02 11:01:50,922 - Null reference [template 'eu.impact_project.iif.tw.tmpl.Code', line 5, column 125] : ${extension} cannot be resolved.
2014-12-02 11:01:50,938 - Null reference [template 'eu.impact_project.iif.tw.tmpl.Code', line 4, column 50] : $cli_cmd_ cannot be resolved.
2014-12-03 12:51:45,894 - Log4JLogChute initialized using file 'velocity.log'
2014-12-03 12:51:45,896 - Initializing Velocity, Calling init()...
2014-12-03 12:51:45,896 - Starting Apache Velocity v1.7 (compiled: 2010-11-19 12:14:37)
2014-12-03 12:51:45,896 - Default Properties File: org\apache\velocity\runtime\defaults\velocity.properties
2014-12-03 12:51:45,896 - Trying to use logger class org.apache.velocity.runtime.log.AvalonLogChute
2014-12-03 12:51:45,896 - Target log system for org.apache.velocity.runtime.log.AvalonLogChute is not available (java.lang.NoClassDefFoundError: org/apache/log/format/Formatter).  Falling back to next log system...
2014-12-03 12:51:45,896 - Trying to use logger class org.apache.velocity.runtime.log.Log4JLogChute
2014-12-03 12:51:45,896 - Using logger class org.apache.velocity.runtime.log.Log4JLogChute
2014-12-03 12:51:45,907 - ResourceLoader instantiated: org.apache.velocity.runtime.resource.loader.FileResourceLoader
2014-12-03 12:51:45,910 - Do unicode file recognition:  false
2014-12-03 12:51:45,910 - FileResourceLoader : adding path '.'
2014-12-03 12:51:45,937 - ResourceCache: initialized (class org.apache.velocity.runtime.resource.ResourceCacheImpl) with class java.util.Collections$SynchronizedMap cache map.
2014-12-03 12:51:45,940 - Loaded System Directive: org.apache.velocity.runtime.directive.Stop
2014-12-03 12:51:45,944 - Loaded System Directive: org.apache.velocity.runtime.directive.Define
2014-12-03 12:51:45,946 - Loaded System Directive: org.apache.velocity.runtime.directive.Break
2014-12-03 12:51:45,948 - Loaded System Directive: org.apache.velocity.runtime.directive.Evaluate
2014-12-03 12:51:45,950 - Loaded System Directive: org.apache.velocity.runtime.directive.Literal
2014-12-03 12:51:45,953 - Loaded System Directive: org.apache.velocity.runtime.directive.Macro
2014-12-03 12:51:45,957 - Loaded System Directive: org.apache.velocity.runtime.directive.Parse
2014-12-03 12:51:45,961 - Loaded System Directive: org.apache.velocity.runtime.directive.Include
2014-12-03 12:51:45,964 - Loaded System Directive: org.apache.velocity.runtime.directive.Foreach
2014-12-03 12:51:46,036 - Created '20' parsers.
2014-12-03 12:51:46,052 - Velocimacro : "velocimacro.library" is not set.  Trying default library: VM_global_library.vm
2014-12-03 12:51:46,052 - Velocimacro : Default library not found.
2014-12-03 12:51:46,052 - Velocimacro : allowInline = true : VMs can be defined inline in templates
2014-12-03 12:51:46,052 - Velocimacro : allowInlineToOverride = false : VMs defined inline may NOT replace previous VM definitions
2014-12-03 12:51:46,052 - Velocimacro : allowInlineLocal = false : VMs defined inline will be global in scope if allowed.
2014-12-03 12:51:46,052 - Velocimacro : autoload off : VM system will not automatically reload global library macros
2014-12-03 12:51:46,084 - Null reference [template 'substitution', line 28, column 49] : ${jdk.version} cannot be resolved.
2014-12-03 12:51:46,084 - Null reference [template 'substitution', line 29, column 49] : ${jdk.version} cannot be resolved.
2014-12-03 12:51:46,084 - Null reference [template 'substitution', line 36, column 42] : ${org.apache.axis2.version} cannot be resolved.
2014-12-03 12:51:46,084 - Null reference [template 'substitution', line 46, column 60] : ${project.build.outputDirectory} cannot be resolved.
2014-12-03 12:51:46,084 - Null reference [template 'substitution', line 80, column 73] : ${project.build.directory} cannot be resolved.
2014-12-03 12:51:46,084 - Null reference [template 'substitution', line 92, column 46] : ${tomcat.manager.url} cannot be resolved.
2014-12-03 12:51:46,084 - Null reference [template 'substitution', line 93, column 51] : ${tomcat.user} cannot be resolved.
2014-12-03 12:51:46,084 - Null reference [template 'substitution', line 94, column 51] : ${tomcat.password} cannot be resolved.
2014-12-03 12:51:46,085 - Null reference [template 'substitution', line 95, column 50] : ${project.build.directory} cannot be resolved.
2014-12-03 12:51:46,085 - Null reference [template 'substitution', line 95, column 77] : ${project.build.finalName} cannot be resolved.
2014-12-03 12:51:46,085 - Null reference [template 'substitution', line 95, column 104] : ${war.suffix} cannot be resolved.
2014-12-03 12:51:46,085 - Null reference [template 'substitution', line 106, column 58] : ${project.build.directory} cannot be resolved.
2014-12-03 12:51:46,085 - Null reference [template 'substitution', line 106, column 85] : ${project.build.finalName} cannot be resolved.
2014-12-03 12:51:46,085 - Null reference [template 'substitution', line 135, column 34] : ${org.apache.axis2.version} cannot be resolved.
2014-12-03 12:51:46,085 - Null reference [template 'substitution', line 141, column 34] : ${org.apache.axis2.version} cannot be resolved.
2014-12-03 12:51:46,085 - Null reference [template 'substitution', line 147, column 34] : ${org.apache.axis2.version} cannot be resolved.
2014-12-03 12:51:46,113 - Null reference [template 'substitution', line 50, column 31] : $INFILE cannot be resolved.
2014-12-03 12:51:46,113 - Null reference [template 'substitution', line 50, column 39] : $OUTFILE cannot be resolved.
2014-12-03 12:51:46,138 - Null reference [template 'substitution', line 139, column 13] : $FLIM cannot be resolved.
2014-12-03 12:51:46,203 - Null reference [template 'substitution', line 12, column 15] : ${catalina.base} cannot be resolved.
2014-12-03 12:51:46,203 - Null reference [template 'substitution', line 15, column 30] : ${catalina.base} cannot be resolved.
2014-12-03 12:51:46,211 - Null reference [template 'substitution', line 5, column 12] : ${service_description} cannot be resolved.
2014-12-03 12:51:46,211 - Null reference [template 'substitution', line 7, column 39] : ${tomcat_public_host} cannot be resolved.
2014-12-03 12:51:46,211 - Null reference [template 'substitution', line 7, column 61] : ${tomcat_public_http_port} cannot be resolved.
2014-12-03 12:51:46,211 - Null reference [template 'substitution', line 7, column 201] : ${tomcat_public_host} cannot be resolved.
2014-12-03 12:51:46,211 - Null reference [template 'substitution', line 7, column 223] : ${tomcat_public_http_port} cannot be resolved.
2014-12-03 12:51:46,211 - Null reference [template 'substitution', line 8, column 39] : ${tomcat_public_host} cannot be resolved.
2014-12-03 12:51:46,211 - Null reference [template 'substitution', line 8, column 61] : ${tomcat_public_http_port} cannot be resolved.
2014-12-03 12:51:46,212 - Null reference [template 'substitution', line 8, column 197] : ${tomcat_public_host} cannot be resolved.
2014-12-03 12:51:46,212 - Null reference [template 'substitution', line 8, column 219] : ${tomcat_public_http_port} cannot be resolved.
