2014-11-17 14:22:44,183 - Log4JLogChute initialized using file 'velocity.log'
2014-11-17 14:22:44,183 - Initializing Velocity, Calling init()...
2014-11-17 14:22:44,184 - Starting Apache Velocity v1.7 (compiled: 2010-11-19 12:14:37)
2014-11-17 14:22:44,184 - Default Properties File: org\apache\velocity\runtime\defaults\velocity.properties
2014-11-17 14:22:44,184 - Trying to use logger class org.apache.velocity.runtime.log.AvalonLogChute
2014-11-17 14:22:44,184 - Target log system for org.apache.velocity.runtime.log.AvalonLogChute is not available (java.lang.NoClassDefFoundError: org/apache/log/format/Formatter).  Falling back to next log system...
2014-11-17 14:22:44,184 - Trying to use logger class org.apache.velocity.runtime.log.Log4JLogChute
2014-11-17 14:22:44,184 - Using logger class org.apache.velocity.runtime.log.Log4JLogChute
2014-11-17 14:22:44,197 - ResourceLoader instantiated: org.apache.velocity.runtime.resource.loader.FileResourceLoader
2014-11-17 14:22:44,200 - Do unicode file recognition:  false
2014-11-17 14:22:44,200 - FileResourceLoader : adding path '.'
2014-11-17 14:22:44,249 - ResourceCache: initialized (class org.apache.velocity.runtime.resource.ResourceCacheImpl) with class java.util.Collections$SynchronizedMap cache map.
2014-11-17 14:22:44,253 - Loaded System Directive: org.apache.velocity.runtime.directive.Stop
2014-11-17 14:22:44,258 - Loaded System Directive: org.apache.velocity.runtime.directive.Define
2014-11-17 14:22:44,260 - Loaded System Directive: org.apache.velocity.runtime.directive.Break
2014-11-17 14:22:44,263 - Loaded System Directive: org.apache.velocity.runtime.directive.Evaluate
2014-11-17 14:22:44,264 - Loaded System Directive: org.apache.velocity.runtime.directive.Literal
2014-11-17 14:22:44,269 - Loaded System Directive: org.apache.velocity.runtime.directive.Macro
2014-11-17 14:22:44,274 - Loaded System Directive: org.apache.velocity.runtime.directive.Parse
2014-11-17 14:22:44,277 - Loaded System Directive: org.apache.velocity.runtime.directive.Include
2014-11-17 14:22:44,283 - Loaded System Directive: org.apache.velocity.runtime.directive.Foreach
2014-11-17 14:22:44,386 - Created '20' parsers.
2014-11-17 14:22:44,409 - Velocimacro : "velocimacro.library" is not set.  Trying default library: VM_global_library.vm
2014-11-17 14:22:44,410 - Velocimacro : Default library not found.
2014-11-17 14:22:44,410 - Velocimacro : allowInline = true : VMs can be defined inline in templates
2014-11-17 14:22:44,410 - Velocimacro : allowInlineToOverride = false : VMs defined inline may NOT replace previous VM definitions
2014-11-17 14:22:44,410 - Velocimacro : allowInlineLocal = false : VMs defined inline will be global in scope if allowed.
2014-11-17 14:22:44,410 - Velocimacro : autoload off : VM system will not automatically reload global library macros
2014-11-17 14:28:53,831 - Log4JLogChute initialized using file 'velocity.log'
2014-11-17 14:28:53,832 - Initializing Velocity, Calling init()...
2014-11-17 14:28:53,832 - Starting Apache Velocity v1.7 (compiled: 2010-11-19 12:14:37)
2014-11-17 14:28:53,832 - Default Properties File: org\apache\velocity\runtime\defaults\velocity.properties
2014-11-17 14:28:53,832 - Trying to use logger class org.apache.velocity.runtime.log.AvalonLogChute
2014-11-17 14:28:53,832 - Target log system for org.apache.velocity.runtime.log.AvalonLogChute is not available (java.lang.NoClassDefFoundError: org/apache/log/format/Formatter).  Falling back to next log system...
2014-11-17 14:28:53,832 - Trying to use logger class org.apache.velocity.runtime.log.Log4JLogChute
2014-11-17 14:28:53,833 - Using logger class org.apache.velocity.runtime.log.Log4JLogChute
2014-11-17 14:28:53,846 - ResourceLoader instantiated: org.apache.velocity.runtime.resource.loader.FileResourceLoader
2014-11-17 14:28:53,849 - Do unicode file recognition:  false
2014-11-17 14:28:53,850 - FileResourceLoader : adding path '.'
2014-11-17 14:28:53,884 - ResourceCache: initialized (class org.apache.velocity.runtime.resource.ResourceCacheImpl) with class java.util.Collections$SynchronizedMap cache map.
2014-11-17 14:28:53,890 - Loaded System Directive: org.apache.velocity.runtime.directive.Stop
2014-11-17 14:28:53,893 - Loaded System Directive: org.apache.velocity.runtime.directive.Define
2014-11-17 14:28:53,894 - Loaded System Directive: org.apache.velocity.runtime.directive.Break
2014-11-17 14:28:53,901 - Loaded System Directive: org.apache.velocity.runtime.directive.Evaluate
2014-11-17 14:28:53,903 - Loaded System Directive: org.apache.velocity.runtime.directive.Literal
2014-11-17 14:28:53,906 - Loaded System Directive: org.apache.velocity.runtime.directive.Macro
2014-11-17 14:28:53,909 - Loaded System Directive: org.apache.velocity.runtime.directive.Parse
2014-11-17 14:28:53,913 - Loaded System Directive: org.apache.velocity.runtime.directive.Include
2014-11-17 14:28:53,915 - Loaded System Directive: org.apache.velocity.runtime.directive.Foreach
2014-11-17 14:28:53,992 - Created '20' parsers.
2014-11-17 14:28:54,007 - Velocimacro : "velocimacro.library" is not set.  Trying default library: VM_global_library.vm
2014-11-17 14:28:54,007 - Velocimacro : Default library not found.
2014-11-17 14:28:54,007 - Velocimacro : allowInline = true : VMs can be defined inline in templates
2014-11-17 14:28:54,007 - Velocimacro : allowInlineToOverride = false : VMs defined inline may NOT replace previous VM definitions
2014-11-17 14:28:54,007 - Velocimacro : allowInlineLocal = false : VMs defined inline will be global in scope if allowed.
2014-11-17 14:28:54,007 - Velocimacro : autoload off : VM system will not automatically reload global library macros
2014-11-17 14:28:56,551 - Log4JLogChute initialized using file 'velocity.log'
2014-11-17 14:28:56,551 - Log4JLogChute initialized using file 'velocity.log'
2014-11-17 14:28:56,551 - Initializing Velocity, Calling init()...
2014-11-17 14:28:56,551 - Initializing Velocity, Calling init()...
2014-11-17 14:28:56,551 - Starting Apache Velocity v1.7 (compiled: 2010-11-19 12:14:37)
2014-11-17 14:28:56,551 - Starting Apache Velocity v1.7 (compiled: 2010-11-19 12:14:37)
2014-11-17 14:28:56,551 - Default Properties File: org\apache\velocity\runtime\defaults\velocity.properties
2014-11-17 14:28:56,551 - Default Properties File: org\apache\velocity\runtime\defaults\velocity.properties
2014-11-17 14:28:56,551 - Trying to use logger class org.apache.velocity.runtime.log.AvalonLogChute
2014-11-17 14:28:56,551 - Trying to use logger class org.apache.velocity.runtime.log.AvalonLogChute
2014-11-17 14:28:56,551 - Target log system for org.apache.velocity.runtime.log.AvalonLogChute is not available (java.lang.NoClassDefFoundError: org/apache/log/format/Formatter).  Falling back to next log system...
2014-11-17 14:28:56,551 - Target log system for org.apache.velocity.runtime.log.AvalonLogChute is not available (java.lang.NoClassDefFoundError: org/apache/log/format/Formatter).  Falling back to next log system...
2014-11-17 14:28:56,552 - Trying to use logger class org.apache.velocity.runtime.log.Log4JLogChute
2014-11-17 14:28:56,552 - Trying to use logger class org.apache.velocity.runtime.log.Log4JLogChute
2014-11-17 14:28:56,552 - Using logger class org.apache.velocity.runtime.log.Log4JLogChute
2014-11-17 14:28:56,552 - Using logger class org.apache.velocity.runtime.log.Log4JLogChute
2014-11-17 14:28:56,552 - ResourceLoader instantiated: org.apache.velocity.runtime.resource.loader.FileResourceLoader
2014-11-17 14:28:56,552 - ResourceLoader instantiated: org.apache.velocity.runtime.resource.loader.FileResourceLoader
2014-11-17 14:28:56,552 - Do unicode file recognition:  false
2014-11-17 14:28:56,552 - Do unicode file recognition:  false
2014-11-17 14:28:56,552 - FileResourceLoader : adding path '.'
2014-11-17 14:28:56,552 - FileResourceLoader : adding path '.'
2014-11-17 14:28:56,552 - ResourceCache: initialized (class org.apache.velocity.runtime.resource.ResourceCacheImpl) with class java.util.Collections$SynchronizedMap cache map.
2014-11-17 14:28:56,552 - ResourceCache: initialized (class org.apache.velocity.runtime.resource.ResourceCacheImpl) with class java.util.Collections$SynchronizedMap cache map.
2014-11-17 14:28:56,553 - Loaded System Directive: org.apache.velocity.runtime.directive.Stop
2014-11-17 14:28:56,553 - Loaded System Directive: org.apache.velocity.runtime.directive.Stop
2014-11-17 14:28:56,553 - Loaded System Directive: org.apache.velocity.runtime.directive.Define
2014-11-17 14:28:56,553 - Loaded System Directive: org.apache.velocity.runtime.directive.Define
2014-11-17 14:28:56,554 - Loaded System Directive: org.apache.velocity.runtime.directive.Break
2014-11-17 14:28:56,554 - Loaded System Directive: org.apache.velocity.runtime.directive.Break
2014-11-17 14:28:56,554 - Loaded System Directive: org.apache.velocity.runtime.directive.Evaluate
2014-11-17 14:28:56,554 - Loaded System Directive: org.apache.velocity.runtime.directive.Evaluate
2014-11-17 14:28:56,554 - Loaded System Directive: org.apache.velocity.runtime.directive.Literal
2014-11-17 14:28:56,554 - Loaded System Directive: org.apache.velocity.runtime.directive.Literal
2014-11-17 14:28:56,554 - Loaded System Directive: org.apache.velocity.runtime.directive.Macro
2014-11-17 14:28:56,554 - Loaded System Directive: org.apache.velocity.runtime.directive.Macro
2014-11-17 14:28:56,554 - Loaded System Directive: org.apache.velocity.runtime.directive.Parse
2014-11-17 14:28:56,554 - Loaded System Directive: org.apache.velocity.runtime.directive.Parse
2014-11-17 14:28:56,554 - Loaded System Directive: org.apache.velocity.runtime.directive.Include
2014-11-17 14:28:56,554 - Loaded System Directive: org.apache.velocity.runtime.directive.Include
2014-11-17 14:28:56,554 - Loaded System Directive: org.apache.velocity.runtime.directive.Foreach
2014-11-17 14:28:56,554 - Loaded System Directive: org.apache.velocity.runtime.directive.Foreach
2014-11-17 14:28:56,556 - Created '20' parsers.
2014-11-17 14:28:56,556 - Created '20' parsers.
2014-11-17 14:28:56,557 - Velocimacro : "velocimacro.library" is not set.  Trying default library: VM_global_library.vm
2014-11-17 14:28:56,557 - Velocimacro : "velocimacro.library" is not set.  Trying default library: VM_global_library.vm
2014-11-17 14:28:56,557 - Velocimacro : Default library not found.
2014-11-17 14:28:56,557 - Velocimacro : Default library not found.
2014-11-17 14:28:56,557 - Velocimacro : allowInline = true : VMs can be defined inline in templates
2014-11-17 14:28:56,557 - Velocimacro : allowInline = true : VMs can be defined inline in templates
2014-11-17 14:28:56,557 - Velocimacro : allowInlineToOverride = false : VMs defined inline may NOT replace previous VM definitions
2014-11-17 14:28:56,557 - Velocimacro : allowInlineToOverride = false : VMs defined inline may NOT replace previous VM definitions
2014-11-17 14:28:56,557 - Velocimacro : allowInlineLocal = false : VMs defined inline will be global in scope if allowed.
2014-11-17 14:28:56,557 - Velocimacro : allowInlineLocal = false : VMs defined inline will be global in scope if allowed.
2014-11-17 14:28:56,557 - Velocimacro : autoload off : VM system will not automatically reload global library macros
2014-11-17 14:28:56,557 - Velocimacro : autoload off : VM system will not automatically reload global library macros
