INFO - URL of input file: http://localhost:8080/impactservices/impact-simplecopy10-service/test.txt
INFO - Input file created: C:\Users\Impact\AppData\Local\Temp\simplecopy10-tmp-store\fromurl1542993850324507923.txt
INFO - Process finished successfully with code 0
INFO - Output file of size 21 has been created successfully
INFO - Created directory: src/main/webapp/IMPACTSimpleCopy10Service\\1416230933\output\
INFO - Public output file: src\main\webapp\IMPACTSimpleCopy10Service\1416230933\output\test.txt_IMPACTSimpleCopy10Service_outputFile_260257112319338671
INFO - Output URL: http://localhost:8080/impactservices/impact-simplecopy10-service/IMPACTSimpleCopy10Service//1416230933/output/test.txt_IMPACTSimpleCopy10Service_outputFile_260257112319338671
INFO - Process finished successfully after 441 milliseconds.
INFO - Service request has been processed successfully
INFO - ========= PROCESSING REQUEST =========
INFO - Using toolwrapper version 0.7.0
INFO - Using service: IMPACTSimpleCopy10Service
INFO - Using outputdir: 
INFO - No evaluation-id
INFO - Parameter processingUnit from services.xml: http://localhost:8080/impact/instances/tomcat1
INFO - Created directory: src/main/webapp/IMPACTSimpleCopy10Service\\1416230936\processLog\
INFO - URL of input file: http://localhost:8080/impactservices/impact-simplecopy10-service/test.txt
INFO - Input file created: C:\Users\Impact\AppData\Local\Temp\simplecopy10-tmp-store\fromurl1183481881809205679.txt
INFO - Process finished successfully with code 0
INFO - Output file of size 21 has been created successfully
INFO - Created directory: src/main/webapp/IMPACTSimpleCopy10Service\\1416230936\output\
INFO - Public output file: src\main\webapp\IMPACTSimpleCopy10Service\1416230936\output\test.txt_IMPACTSimpleCopy10Service_outputFile_3587085234742199626
INFO - Output URL: http://localhost:8080/impactservices/impact-simplecopy10-service/IMPACTSimpleCopy10Service//1416230936/output/test.txt_IMPACTSimpleCopy10Service_outputFile_3587085234742199626
INFO - Process finished successfully after 159 milliseconds.
INFO - Service request has been processed successfully
